<?xml version="1.0" encoding="UTF-8"?>
<coverage generated="1671368339919" clover="3.2.0">
  <project timestamp="1671368339919" name="All files">
    <metrics statements="3" coveredstatements="2" conditionals="0" coveredconditionals="0" methods="2" coveredmethods="1" elements="5" coveredelements="3" complexity="0" loc="3" ncloc="3" packages="1" files="1" classes="1"/>
    <file name="Messages.jsx" path="/Users/irinavinter/Desktop/react/src/components/MessageList/Messages.jsx">
      <metrics statements="3" coveredstatements="2" conditionals="0" coveredconditionals="0" methods="2" coveredmethods="1"/>
      <line num="3" count="1" type="stmt"/>
      <line num="5" count="2" type="stmt"/>
      <line num="8" count="0" type="stmt"/>
    </file>
  </project>
</coverage>
