{"/Users/irinavinter/Desktop/react/src/components/MessageList/Messages.jsx": {"path":"/Users/irinavinter/Desktop/react/src/components/MessageList/Messages.jsx","statementMap":{"0":{"start":{"line":3,"column":24},"end":{"line":14,"column":1}},"1":{"start":{"line":5,"column":4},"end":{"line":13,"column":5}},"2":{"start":{"line":8,"column":8},"end":{"line":11,"column":14}}},"fnMap":{"0":{"name":"(anonymous_0)","decl":{"start":{"line":3,"column":24},"end":{"line":3,"column":25}},"loc":{"start":{"line":3,"column":40},"end":{"line":14,"column":1}},"line":3},"1":{"name":"(anonymous_1)","decl":{"start":{"line":7,"column":21},"end":{"line":7,"column":22}},"loc":{"start":{"line":8,"column":8},"end":{"line":11,"column":14}},"line":8}},"branchMap":{},"s":{"0":1,"1":2,"2":0},"f":{"0":2,"1":0},"b":{},"_coverageSchema":"1a1c01bbd47fc00a2c39e90264f33305004495a9","hash":"0db10ac0df112db9aab3af465e4d52dd0c5acf6a"}
}
